2025-05-09 23:26:46,908 - INFO - Optimizing hybrid weights for cpi_yoy
2025-05-09 23:26:46,918 - INFO - Running ARIMA component with seasonal=True
2025-05-09 23:26:57,535 - INFO - Best ARIMA parameters: (1, 1, 0), seasonal_order: (0, 0, 1, 12)
2025-05-09 23:26:57,547 - INFO - ARIMA component - RMSE: 1.5938, MAE: 1.2600, MAPE: 1.23%, R²: -0.7079
2025-05-09 23:26:57,548 - INFO - Running ML component with model_type=XGBoost
2025-05-09 23:26:59,771 - INFO - ML component (XGBoost) - RMSE: 0.0808, MAE: 0.0510, MAPE: 0.05%, R²: 0.9956
2025-05-09 23:26:59,843 - INFO - Best weight for ARIMA component: 0.00 with RMSE: 0.0808
2025-05-09 23:27:00,067 - INFO - Running hybrid model for cpi_yoy with arima_weight=0.0, ml_model_type=XGBoost
2025-05-09 23:27:00,093 - INFO - Running ARIMA component with seasonal=True
2025-05-09 23:27:10,652 - INFO - Best ARIMA parameters: (1, 1, 0), seasonal_order: (0, 0, 1, 12)
2025-05-09 23:27:10,666 - INFO - ARIMA component - RMSE: 1.5938, MAE: 1.2600, MAPE: 1.23%, R²: -0.7079
2025-05-09 23:27:10,666 - INFO - Running ML component with model_type=XGBoost
2025-05-09 23:27:10,927 - INFO - ML component (XGBoost) - RMSE: 0.0808, MAE: 0.0510, MAPE: 0.05%, R²: 0.9956
2025-05-09 23:27:10,932 - INFO - Hybrid model - RMSE: 0.0808, MAE: 0.0510, MAPE: 0.05%, R²: 0.9956
2025-05-09 23:27:11,348 - INFO - Generating 24 period forecast
2025-05-09 23:27:12,010 - INFO - 
Future cpi_yoy forecasts:
2025-05-09 23:27:12,012 - INFO - 2025-01-01   NaN
2025-02-01   NaN
2025-03-01   NaN
2025-04-01   NaN
2025-05-01   NaN
2025-06-01   NaN
2025-07-01   NaN
2025-08-01   NaN
2025-09-01   NaN
2025-10-01   NaN
2025-11-01   NaN
2025-12-01   NaN
2026-01-01   NaN
2026-02-01   NaN
2026-03-01   NaN
2026-04-01   NaN
2026-05-01   NaN
2026-06-01   NaN
2026-07-01   NaN
2026-08-01   NaN
2026-09-01   NaN
2026-10-01   NaN
2026-11-01   NaN
2026-12-01   NaN
Freq: MS, dtype: float64
2025-05-09 23:27:12,015 - INFO - Optimizing hybrid weights for cpi_mom
2025-05-09 23:27:12,026 - INFO - Running ARIMA component with seasonal=True
2025-05-09 23:27:36,814 - INFO - Best ARIMA parameters: (1, 0, 0), seasonal_order: (0, 0, 2, 12)
2025-05-09 23:27:36,831 - INFO - ARIMA component - RMSE: 0.5176, MAE: 0.3955, MAPE: 0.39%, R²: -0.1886
2025-05-09 23:27:36,832 - INFO - Running ML component with model_type=XGBoost
2025-05-09 23:27:37,166 - INFO - ML component (XGBoost) - RMSE: 0.0784, MAE: 0.0203, MAPE: 0.02%, R²: 0.9728
2025-05-09 23:27:37,239 - INFO - Best weight for ARIMA component: 0.00 with RMSE: 0.0784
2025-05-09 23:27:37,415 - INFO - Running hybrid model for cpi_mom with arima_weight=0.0, ml_model_type=XGBoost
2025-05-09 23:27:37,426 - INFO - Running ARIMA component with seasonal=True
2025-05-09 23:28:02,430 - INFO - Best ARIMA parameters: (1, 0, 0), seasonal_order: (0, 0, 2, 12)
2025-05-09 23:28:02,445 - INFO - ARIMA component - RMSE: 0.5176, MAE: 0.3955, MAPE: 0.39%, R²: -0.1886
2025-05-09 23:28:02,446 - INFO - Running ML component with model_type=XGBoost
2025-05-09 23:28:02,738 - INFO - ML component (XGBoost) - RMSE: 0.0784, MAE: 0.0203, MAPE: 0.02%, R²: 0.9728
2025-05-09 23:28:02,743 - INFO - Hybrid model - RMSE: 0.0784, MAE: 0.0203, MAPE: 0.02%, R²: 0.9728
2025-05-09 23:28:03,229 - INFO - Generating 24 period forecast
2025-05-09 23:28:03,859 - INFO - 
Future cpi_mom forecasts:
2025-05-09 23:28:03,860 - INFO - 2025-01-01   NaN
2025-02-01   NaN
2025-03-01   NaN
2025-04-01   NaN
2025-05-01   NaN
2025-06-01   NaN
2025-07-01   NaN
2025-08-01   NaN
2025-09-01   NaN
2025-10-01   NaN
2025-11-01   NaN
2025-12-01   NaN
2026-01-01   NaN
2026-02-01   NaN
2026-03-01   NaN
2026-04-01   NaN
2026-05-01   NaN
2026-06-01   NaN
2026-07-01   NaN
2026-08-01   NaN
2026-09-01   NaN
2026-10-01   NaN
2026-11-01   NaN
2026-12-01   NaN
Freq: MS, dtype: float64
2025-05-09 23:28:03,862 - WARNING - Could not compare with other models: [Errno 2] No such file or directory: 'plots/final_model_comparison_metrics.csv'
2025-05-09 23:28:03,867 - INFO - 
Metrics saved to plots/hybrid_metrics.csv
